<?xml version="1.0" encoding="UTF-8"?>
<!-- Generated by org.testng.reporters.JUnitReportReporter -->
<testsuite name="com.foam.testcases.FOAMTest" tests="5" time="57.146" ignored="0" failures="0" timestamp="21 May 2019 11:16:56 GMT" skipped="0" hostname="P1LPCOE83960R7" errors="0">
  <testcase name="verifyPayment" time="1.831" classname="com.foam.testcases.FOAMTest"/>
  <testcase name="confirmPayment" time="2.326" classname="com.foam.testcases.FOAMTest"/>
  <testcase name="loginToFoam" time="19.534" classname="com.foam.testcases.FOAMTest"/>
  <testcase name="logOut" time="1.759" classname="com.foam.testcases.FOAMTest"/>
  <testcase name="makePayment" time="31.696" classname="com.foam.testcases.FOAMTest"/>
</testsuite> <!-- com.foam.testcases.FOAMTest -->
