<?xml version="1.0" encoding="UTF-8"?>
<!-- Generated by org.testng.reporters.JUnitReportReporter -->
<testsuite name="com.foam.testcases.LoginPageTest" tests="1" time="21.923" ignored="0" failures="0" timestamp="13 May 2019 09:55:23 GMT" skipped="0" hostname="P1LPCOE83960R7" errors="0">
  <testcase name="loginToFoam" time="21.923" classname="com.foam.testcases.LoginPageTest"/>
</testsuite> <!-- com.foam.testcases.LoginPageTest -->
